<?xml version="1.0" encoding="UTF-8"?>
<!-- Generated by org.testng.reporters.JUnitReportReporter -->
<testsuite skipped="0" hostname="Ramyas-MacBook-Pro.local" name="AutomationScript" tests="1" failures="0" timestamp="19 Oct 2018 16:24:11 GMT" time="0.007" errors="0">
  <testcase name="testApple" time="0.007" classname="AutomationScript"/>
</testsuite> <!-- AutomationScript -->
